build/outputs/logs/manifest-merger-debug-report.txt
-- Merging decision tree log ---
manifest
ADDED from fenqipai\AndroidManifest.xml:2:1-474:12
	package
		ADDED from fenqipai\AndroidManifest.xml:3:5-43
	android:versionName
		ADDED from fenqipai\AndroidManifest.xml:5:5-32
	android:versionCode
		ADDED from fenqipai\AndroidManifest.xml:4:5-28
		INJECTED from fenqipai\AndroidManifest.xml
		INJECTED from fenqipai\AndroidManifest.xml
	xmlns:android
		ADDED from fenqipai\AndroidManifest.xml:2:11-69
uses-sdk
ADDED from fenqipai\AndroidManifest.xml:7:5-9:41
	android:targetSdkVersion
		ADDED from fenqipai\AndroidManifest.xml:9:9-38
	android:minSdkVersion
		ADDED from fenqipai\AndroidManifest.xml:8:9-35
permission#com.fenqipai.fenqipaiandroid.permission.JPUSH_MESSAGE
ADDED from fenqipai\AndroidManifest.xml:11:5-13:47
	android:protectionLevel
		ADDED from fenqipai\AndroidManifest.xml:13:9-44
	android:name
		ADDED from fenqipai\AndroidManifest.xml:12:9-77
uses-permission#android.permission.READ_EXTERNAL_STORAGE
ADDED from fenqipai\AndroidManifest.xml:15:5-80
	android:name
		ADDED from fenqipai\AndroidManifest.xml:15:22-77
uses-permission#android.permission.MANAGE_DOCUMENTS
ADDED from fenqipai\AndroidManifest.xml:16:5-75
	android:name
		ADDED from fenqipai\AndroidManifest.xml:16:22-72
uses-permission#android.permission.INTERACT_ACROSS_USERS_FULL
ADDED from fenqipai\AndroidManifest.xml:17:5-85
	android:name
		ADDED from fenqipai\AndroidManifest.xml:17:22-82
uses-permission#android.permission.READ_CONTACTS
ADDED from fenqipai\AndroidManifest.xml:19:5-72
	android:name
		ADDED from fenqipai\AndroidManifest.xml:19:22-69
uses-permission#android.permission.RECEIVE_SMS
ADDED from fenqipai\AndroidManifest.xml:20:5-70
	android:name
		ADDED from fenqipai\AndroidManifest.xml:20:22-67
uses-permission#android.permission.RECEIVE_USER_PRESENT
ADDED from fenqipai\AndroidManifest.xml:22:5-79
	android:name
		ADDED from fenqipai\AndroidManifest.xml:22:22-76
uses-permission#android.permission.WAKE_LOCK
ADDED from fenqipai\AndroidManifest.xml:23:5-68
	android:name
		ADDED from fenqipai\AndroidManifest.xml:23:22-65
uses-permission#android.permission.WRITE_SETTINGS
ADDED from fenqipai\AndroidManifest.xml:24:5-73
	android:name
		ADDED from fenqipai\AndroidManifest.xml:24:22-70
uses-permission#android.permission.VIBRATE
ADDED from fenqipai\AndroidManifest.xml:25:5-66
	android:name
		ADDED from fenqipai\AndroidManifest.xml:25:22-63
uses-permission#android.permission.SYSTEM_ALERT_WINDOW
ADDED from fenqipai\AndroidManifest.xml:26:5-78
	android:name
		ADDED from fenqipai\AndroidManifest.xml:26:22-75
uses-permission#android.permission.WRITE_EXTERNAL_STORAGE
ADDED from fenqipai\AndroidManifest.xml:27:5-81
	android:name
		ADDED from fenqipai\AndroidManifest.xml:27:22-78
uses-permission#android.permission.MOUNT_UNMOUNT_FILESYSTEMS
ADDED from fenqipai\AndroidManifest.xml:28:5-84
	android:name
		ADDED from fenqipai\AndroidManifest.xml:28:22-81
uses-permission#android.permission.ACCESS_LOCATION_EXTRA_COMMANDS
ADDED from fenqipai\AndroidManifest.xml:31:5-89
	android:name
		ADDED from fenqipai\AndroidManifest.xml:31:22-86
uses-permission#android.permission.CHANGE_NETWORK_STATE
ADDED from fenqipai\AndroidManifest.xml:32:5-79
	android:name
		ADDED from fenqipai\AndroidManifest.xml:32:22-76
uses-permission#android.permission.CALL_PHONE
ADDED from fenqipai\AndroidManifest.xml:33:5-69
	android:name
		ADDED from fenqipai\AndroidManifest.xml:33:22-66
uses-permission#org.simalliance.openmobileapi.SMARTCARD
ADDED from fenqipai\AndroidManifest.xml:34:5-79
	android:name
		ADDED from fenqipai\AndroidManifest.xml:34:22-76
uses-permission#android.permission.NFC
ADDED from fenqipai\AndroidManifest.xml:35:5-62
	android:name
		ADDED from fenqipai\AndroidManifest.xml:35:22-59
uses-feature#android.hardware.nfc.hce
ADDED from fenqipai\AndroidManifest.xml:37:5-61
	android:name
		ADDED from fenqipai\AndroidManifest.xml:37:19-58
uses-permission#android.permission.ACCESS_COARSE_LOCATION
ADDED from fenqipai\AndroidManifest.xml:40:5-41:23
	android:name
		ADDED from fenqipai\AndroidManifest.xml:40:22-78
uses-permission#android.permission.ACCESS_FINE_LOCATION
ADDED from fenqipai\AndroidManifest.xml:43:5-44:23
	android:name
		ADDED from fenqipai\AndroidManifest.xml:43:22-76
uses-permission#android.permission.ACCESS_WIFI_STATE
ADDED from fenqipai\AndroidManifest.xml:46:5-47:23
	android:name
		ADDED from fenqipai\AndroidManifest.xml:46:22-73
uses-permission#android.permission.ACCESS_NETWORK_STATE
ADDED from fenqipai\AndroidManifest.xml:49:5-50:23
	android:name
		ADDED from fenqipai\AndroidManifest.xml:49:22-76
uses-permission#android.permission.CHANGE_WIFI_STATE
ADDED from fenqipai\AndroidManifest.xml:52:5-53:23
	android:name
		ADDED from fenqipai\AndroidManifest.xml:52:22-73
uses-permission#android.permission.READ_PHONE_STATE
ADDED from fenqipai\AndroidManifest.xml:55:5-56:23
	android:name
		ADDED from fenqipai\AndroidManifest.xml:55:22-72
uses-permission#android.permission.INTERNET
ADDED from fenqipai\AndroidManifest.xml:61:5-67
	android:name
		ADDED from fenqipai\AndroidManifest.xml:61:22-64
application
ADDED from fenqipai\AndroidManifest.xml:66:5-472:19
	android:label
		ADDED from fenqipai\AndroidManifest.xml:70:9-41
	android:allowBackup
		ADDED from fenqipai\AndroidManifest.xml:68:9-35
	android:icon
		ADDED from fenqipai\AndroidManifest.xml:69:9-38
	android:theme
		ADDED from fenqipai\AndroidManifest.xml:71:9-40
	android:name
		ADDED from fenqipai\AndroidManifest.xml:67:9-73
meta-data#com.baidu.lbsapi.API_KEY
ADDED from fenqipai\AndroidManifest.xml:72:9-74:64
	android:value
		ADDED from fenqipai\AndroidManifest.xml:74:13-61
	android:name
		ADDED from fenqipai\AndroidManifest.xml:73:13-52
uses-library#org.simalliance.openmobileapi
ADDED from fenqipai\AndroidManifest.xml:76:9-78:40
	android:required
		ADDED from fenqipai\AndroidManifest.xml:78:13-37
	android:name
		ADDED from fenqipai\AndroidManifest.xml:77:13-57
meta-data#FENQIPAI_ANDROID
ADDED from fenqipai\AndroidManifest.xml:82:9-84:36
	android:value
		ADDED from fenqipai\AndroidManifest.xml:84:13-33
	android:name
		ADDED from fenqipai\AndroidManifest.xml:83:13-44
service#cn.jpush.android.service.DownloadService
ADDED from fenqipai\AndroidManifest.xml:87:9-91:19
	android:enabled
		ADDED from fenqipai\AndroidManifest.xml:89:13-35
	android:exported
		ADDED from fenqipai\AndroidManifest.xml:90:13-37
	android:name
		ADDED from fenqipai\AndroidManifest.xml:88:13-68
service#com.fenqipai.fenqipaiandroid.service.UpdateService
ADDED from fenqipai\AndroidManifest.xml:92:9-93:19
	android:name
		ADDED from fenqipai\AndroidManifest.xml:92:18-83
service#com.fenqipai.fenqipaiandroid.service.MqttService
ADDED from fenqipai\AndroidManifest.xml:94:9-95:19
	android:name
		ADDED from fenqipai\AndroidManifest.xml:94:18-81
receiver#cn.jpush.android.service.AlarmReceiver
ADDED from fenqipai\AndroidManifest.xml:98:9-100:40
	android:exported
		ADDED from fenqipai\AndroidManifest.xml:100:13-37
	android:name
		ADDED from fenqipai\AndroidManifest.xml:99:13-66
receiver#com.fenqipai.fenqipaiandroid.receiver.MyReceiver
ADDED from fenqipai\AndroidManifest.xml:103:9-123:20
	android:enabled
		ADDED from fenqipai\AndroidManifest.xml:105:13-35
	android:exported
		ADDED from fenqipai\AndroidManifest.xml:106:13-37
	android:name
		ADDED from fenqipai\AndroidManifest.xml:104:13-76
intent-filter#cn.jpush.android.intent.ACTION_RICHPUSH_CALLBACK+cn.jpush.android.intent.CONNECTION+cn.jpush.android.intent.MESSAGE_RECEIVED+cn.jpush.android.intent.NOTIFICATION_OPENED+cn.jpush.android.intent.NOTIFICATION_RECEIVED+cn.jpush.android.intent.REGISTRATION+cn.jpush.android.intent.UNREGISTRATION+com.fenqipai.fenqipaiandroid
ADDED from fenqipai\AndroidManifest.xml:107:13-122:29
action#cn.jpush.android.intent.REGISTRATION
ADDED from fenqipai\AndroidManifest.xml:108:17-79
	android:name
		ADDED from fenqipai\AndroidManifest.xml:108:25-76
action#cn.jpush.android.intent.UNREGISTRATION
ADDED from fenqipai\AndroidManifest.xml:110:17-81
	android:name
		ADDED from fenqipai\AndroidManifest.xml:110:25-78
action#cn.jpush.android.intent.MESSAGE_RECEIVED
ADDED from fenqipai\AndroidManifest.xml:111:17-83
	android:name
		ADDED from fenqipai\AndroidManifest.xml:111:25-80
action#cn.jpush.android.intent.NOTIFICATION_RECEIVED
ADDED from fenqipai\AndroidManifest.xml:113:17-88
	android:name
		ADDED from fenqipai\AndroidManifest.xml:113:25-85
action#cn.jpush.android.intent.NOTIFICATION_OPENED
ADDED from fenqipai\AndroidManifest.xml:115:17-86
	android:name
		ADDED from fenqipai\AndroidManifest.xml:115:25-83
action#cn.jpush.android.intent.ACTION_RICHPUSH_CALLBACK
ADDED from fenqipai\AndroidManifest.xml:117:17-91
	android:name
		ADDED from fenqipai\AndroidManifest.xml:117:25-88
action#cn.jpush.android.intent.CONNECTION
ADDED from fenqipai\AndroidManifest.xml:119:17-77
	android:name
		ADDED from fenqipai\AndroidManifest.xml:119:25-74
category#com.fenqipai.fenqipaiandroid
ADDED from fenqipai\AndroidManifest.xml:121:17-73
	android:name
		ADDED from fenqipai\AndroidManifest.xml:121:27-70
activity#com.fenqipai.fenqipaiandroid.GuideActivity
ADDED from fenqipai\AndroidManifest.xml:125:9-135:20
	android:screenOrientation
		ADDED from fenqipai\AndroidManifest.xml:128:13-49
	android:configChanges
		ADDED from fenqipai\AndroidManifest.xml:127:13-63
	android:theme
		ADDED from fenqipai\AndroidManifest.xml:129:13-43
	android:name
		ADDED from fenqipai\AndroidManifest.xml:126:13-70
intent-filter#android.intent.action.MAIN+android.intent.category.LAUNCHER
ADDED from fenqipai\AndroidManifest.xml:130:13-134:29
action#android.intent.action.MAIN
ADDED from fenqipai\AndroidManifest.xml:131:17-69
	android:name
		ADDED from fenqipai\AndroidManifest.xml:131:25-66
category#android.intent.category.LAUNCHER
ADDED from fenqipai\AndroidManifest.xml:133:17-77
	android:name
		ADDED from fenqipai\AndroidManifest.xml:133:27-74
activity#com.fenqipai.fenqipaiandroid.LoginActivity
ADDED from fenqipai\AndroidManifest.xml:136:9-141:20
	android:screenOrientation
		ADDED from fenqipai\AndroidManifest.xml:139:13-49
	android:configChanges
		ADDED from fenqipai\AndroidManifest.xml:138:13-63
	android:theme
		ADDED from fenqipai\AndroidManifest.xml:140:13-43
	android:name
		ADDED from fenqipai\AndroidManifest.xml:137:13-70
activity#com.fenqipai.fenqipaiandroid.MainActivity
ADDED from fenqipai\AndroidManifest.xml:142:9-147:20
	android:screenOrientation
		ADDED from fenqipai\AndroidManifest.xml:145:13-49
	android:configChanges
		ADDED from fenqipai\AndroidManifest.xml:144:13-63
	android:theme
		ADDED from fenqipai\AndroidManifest.xml:146:13-43
	android:name
		ADDED from fenqipai\AndroidManifest.xml:143:13-69
activity#com.fenqipai.fenqipaiandroid.FirstGuideActivity
ADDED from fenqipai\AndroidManifest.xml:148:9-153:20
	android:screenOrientation
		ADDED from fenqipai\AndroidManifest.xml:151:13-49
	android:configChanges
		ADDED from fenqipai\AndroidManifest.xml:150:13-63
	android:theme
		ADDED from fenqipai\AndroidManifest.xml:152:13-43
	android:name
		ADDED from fenqipai\AndroidManifest.xml:149:13-75
activity#com.fenqipai.fenqipaiandroid.ImagePagerActivity
ADDED from fenqipai\AndroidManifest.xml:154:9-159:20
	android:screenOrientation
		ADDED from fenqipai\AndroidManifest.xml:157:13-49
	android:configChanges
		ADDED from fenqipai\AndroidManifest.xml:156:13-63
	android:theme
		ADDED from fenqipai\AndroidManifest.xml:158:13-43
	android:name
		ADDED from fenqipai\AndroidManifest.xml:155:13-75
activity#com.fenqipai.fenqipaiandroid.wxapi.WXEntryActivity
ADDED from fenqipai\AndroidManifest.xml:161:9-168:20
	android:screenOrientation
		ADDED from fenqipai\AndroidManifest.xml:166:13-49
	android:launchMode
		ADDED from fenqipai\AndroidManifest.xml:165:13-44
	android:exported
		ADDED from fenqipai\AndroidManifest.xml:164:13-36
	android:configChanges
		ADDED from fenqipai\AndroidManifest.xml:163:13-63
	android:theme
		ADDED from fenqipai\AndroidManifest.xml:167:13-72
	android:name
		ADDED from fenqipai\AndroidManifest.xml:162:13-78
activity#com.fenqipai.fenqipaiandroid.LocationActivity
ADDED from fenqipai\AndroidManifest.xml:170:9-175:20
	android:screenOrientation
		ADDED from fenqipai\AndroidManifest.xml:173:13-49
	android:configChanges
		ADDED from fenqipai\AndroidManifest.xml:172:13-63
	android:theme
		ADDED from fenqipai\AndroidManifest.xml:174:13-66
	android:name
		ADDED from fenqipai\AndroidManifest.xml:171:13-73
activity#com.fenqipai.fenqipaiandroid.MultiImageSelectorActivity
ADDED from fenqipai\AndroidManifest.xml:176:9-181:20
	android:screenOrientation
		ADDED from fenqipai\AndroidManifest.xml:179:13-49
	android:configChanges
		ADDED from fenqipai\AndroidManifest.xml:178:13-63
	android:theme
		ADDED from fenqipai\AndroidManifest.xml:180:13-66
	android:name
		ADDED from fenqipai\AndroidManifest.xml:177:13-83
activity#com.zbar.lib.CaptureActivity
ADDED from fenqipai\AndroidManifest.xml:182:9-187:20
	android:screenOrientation
		ADDED from fenqipai\AndroidManifest.xml:185:13-49
	android:configChanges
		ADDED from fenqipai\AndroidManifest.xml:184:13-63
	android:theme
		ADDED from fenqipai\AndroidManifest.xml:186:13-66
	android:name
		ADDED from fenqipai\AndroidManifest.xml:183:13-56
activity#com.tencent.connect.common.AssistActivity
ADDED from fenqipai\AndroidManifest.xml:189:9-193:75
	android:screenOrientation
		ADDED from fenqipai\AndroidManifest.xml:192:13-49
	android:configChanges
		ADDED from fenqipai\AndroidManifest.xml:191:13-63
	android:theme
		ADDED from fenqipai\AndroidManifest.xml:193:13-72
	android:name
		ADDED from fenqipai\AndroidManifest.xml:190:13-69
activity#com.tencent.tauth.AuthActivity
ADDED from fenqipai\AndroidManifest.xml:194:9-206:20
	android:launchMode
		ADDED from fenqipai\AndroidManifest.xml:196:13-44
	android:noHistory
		ADDED from fenqipai\AndroidManifest.xml:197:13-37
	android:name
		ADDED from fenqipai\AndroidManifest.xml:195:13-58
intent-filter#android.intent.action.VIEW+android.intent.category.BROWSABLE+android.intent.category.DEFAULT
ADDED from fenqipai\AndroidManifest.xml:198:13-205:29
action#android.intent.action.VIEW
ADDED from fenqipai\AndroidManifest.xml:199:17-69
	android:name
		ADDED from fenqipai\AndroidManifest.xml:199:25-66
category#android.intent.category.DEFAULT
ADDED from fenqipai\AndroidManifest.xml:201:17-76
	android:name
		ADDED from fenqipai\AndroidManifest.xml:201:27-73
category#android.intent.category.BROWSABLE
ADDED from fenqipai\AndroidManifest.xml:202:17-78
	android:name
		ADDED from fenqipai\AndroidManifest.xml:202:27-75
data
ADDED from fenqipai\AndroidManifest.xml:204:17-60
	android:scheme
		ADDED from fenqipai\AndroidManifest.xml:204:23-57
activity#com.fenqipai.fenqipaiandroid.RegistActivity
ADDED from fenqipai\AndroidManifest.xml:208:9-213:20
	android:screenOrientation
		ADDED from fenqipai\AndroidManifest.xml:211:13-49
	android:configChanges
		ADDED from fenqipai\AndroidManifest.xml:210:13-63
	android:theme
		ADDED from fenqipai\AndroidManifest.xml:212:13-43
	android:name
		ADDED from fenqipai\AndroidManifest.xml:209:13-71
activity#com.fenqipai.fenqipaiandroid.MobileCheckActivity
ADDED from fenqipai\AndroidManifest.xml:214:9-219:20
	android:screenOrientation
		ADDED from fenqipai\AndroidManifest.xml:217:13-49
	android:configChanges
		ADDED from fenqipai\AndroidManifest.xml:216:13-63
	android:theme
		ADDED from fenqipai\AndroidManifest.xml:218:13-43
	android:name
		ADDED from fenqipai\AndroidManifest.xml:215:13-76
activity#com.fenqipai.fenqipaiandroid.CarDetailsActivity
ADDED from fenqipai\AndroidManifest.xml:220:9-225:20
	android:screenOrientation
		ADDED from fenqipai\AndroidManifest.xml:223:13-49
	android:configChanges
		ADDED from fenqipai\AndroidManifest.xml:222:13-63
	android:theme
		ADDED from fenqipai\AndroidManifest.xml:224:13-43
	android:name
		ADDED from fenqipai\AndroidManifest.xml:221:13-75
activity#com.fenqipai.fenqipaiandroid.ForgotPasswordActivity
ADDED from fenqipai\AndroidManifest.xml:226:9-231:20
	android:screenOrientation
		ADDED from fenqipai\AndroidManifest.xml:229:13-49
	android:configChanges
		ADDED from fenqipai\AndroidManifest.xml:228:13-63
	android:theme
		ADDED from fenqipai\AndroidManifest.xml:230:13-43
	android:name
		ADDED from fenqipai\AndroidManifest.xml:227:13-79
activity#com.fenqipai.fenqipaiandroid.SettingsActivity
ADDED from fenqipai\AndroidManifest.xml:232:9-236:20
	android:label
		ADDED from fenqipai\AndroidManifest.xml:234:13-60
	android:theme
		ADDED from fenqipai\AndroidManifest.xml:235:13-43
	android:name
		ADDED from fenqipai\AndroidManifest.xml:233:13-73
activity#com.fenqipai.fenqipaiandroid.FeedBackActivity
ADDED from fenqipai\AndroidManifest.xml:237:9-241:20
	android:label
		ADDED from fenqipai\AndroidManifest.xml:239:13-61
	android:theme
		ADDED from fenqipai\AndroidManifest.xml:240:13-43
	android:name
		ADDED from fenqipai\AndroidManifest.xml:238:13-73
activity#com.fenqipai.fenqipaiandroid.CarParamsActivity
ADDED from fenqipai\AndroidManifest.xml:242:9-247:20
	android:screenOrientation
		ADDED from fenqipai\AndroidManifest.xml:245:13-49
	android:configChanges
		ADDED from fenqipai\AndroidManifest.xml:244:13-63
	android:theme
		ADDED from fenqipai\AndroidManifest.xml:246:13-43
	android:name
		ADDED from fenqipai\AndroidManifest.xml:243:13-74
activity#com.fenqipai.fenqipaiandroid.ImageShowActivity
ADDED from fenqipai\AndroidManifest.xml:248:9-253:20
	android:screenOrientation
		ADDED from fenqipai\AndroidManifest.xml:251:13-49
	android:configChanges
		ADDED from fenqipai\AndroidManifest.xml:250:13-63
	android:theme
		ADDED from fenqipai\AndroidManifest.xml:252:13-43
	android:name
		ADDED from fenqipai\AndroidManifest.xml:249:13-74
activity#com.fenqipai.fenqipaiandroid.AddPriceActivity
ADDED from fenqipai\AndroidManifest.xml:254:9-259:20
	android:screenOrientation
		ADDED from fenqipai\AndroidManifest.xml:256:13-49
	android:windowSoftInputMode
		ADDED from fenqipai\AndroidManifest.xml:258:13-70
	android:theme
		ADDED from fenqipai\AndroidManifest.xml:257:13-55
	android:name
		ADDED from fenqipai\AndroidManifest.xml:255:13-73
activity#com.fenqipai.fenqipaiandroid.RecognizanceActivity
ADDED from fenqipai\AndroidManifest.xml:260:9-265:20
	android:screenOrientation
		ADDED from fenqipai\AndroidManifest.xml:263:13-49
	android:configChanges
		ADDED from fenqipai\AndroidManifest.xml:262:13-63
	android:theme
		ADDED from fenqipai\AndroidManifest.xml:264:13-66
	android:name
		ADDED from fenqipai\AndroidManifest.xml:261:13-77
activity#com.fenqipai.fenqipaiandroid.MyAccountActivity
ADDED from fenqipai\AndroidManifest.xml:266:9-271:20
	android:screenOrientation
		ADDED from fenqipai\AndroidManifest.xml:269:13-49
	android:configChanges
		ADDED from fenqipai\AndroidManifest.xml:268:13-63
	android:theme
		ADDED from fenqipai\AndroidManifest.xml:270:13-43
	android:name
		ADDED from fenqipai\AndroidManifest.xml:267:13-74
activity#com.fenqipai.fenqipaiandroid.MyBalanceActivity
ADDED from fenqipai\AndroidManifest.xml:272:9-277:20
	android:screenOrientation
		ADDED from fenqipai\AndroidManifest.xml:275:13-49
	android:configChanges
		ADDED from fenqipai\AndroidManifest.xml:274:13-63
	android:theme
		ADDED from fenqipai\AndroidManifest.xml:276:13-43
	android:name
		ADDED from fenqipai\AndroidManifest.xml:273:13-74
activity#com.fenqipai.fenqipaiandroid.RechargeActivity
ADDED from fenqipai\AndroidManifest.xml:278:9-283:20
	android:screenOrientation
		ADDED from fenqipai\AndroidManifest.xml:281:13-49
	android:configChanges
		ADDED from fenqipai\AndroidManifest.xml:280:13-63
	android:theme
		ADDED from fenqipai\AndroidManifest.xml:282:13-43
	android:name
		ADDED from fenqipai\AndroidManifest.xml:279:13-73
activity#com.fenqipai.fenqipaiandroid.PayConfirmActivity
ADDED from fenqipai\AndroidManifest.xml:284:9-289:20
	android:screenOrientation
		ADDED from fenqipai\AndroidManifest.xml:287:13-49
	android:configChanges
		ADDED from fenqipai\AndroidManifest.xml:286:13-63
	android:theme
		ADDED from fenqipai\AndroidManifest.xml:288:13-43
	android:name
		ADDED from fenqipai\AndroidManifest.xml:285:13-75
activity#com.fenqipai.fenqipaiandroid.WithDrawActivity
ADDED from fenqipai\AndroidManifest.xml:290:9-295:20
	android:screenOrientation
		ADDED from fenqipai\AndroidManifest.xml:293:13-49
	android:configChanges
		ADDED from fenqipai\AndroidManifest.xml:292:13-63
	android:theme
		ADDED from fenqipai\AndroidManifest.xml:294:13-43
	android:name
		ADDED from fenqipai\AndroidManifest.xml:291:13-73
activity#com.fenqipai.fenqipaiandroid.WithDrawSuccessActivity
ADDED from fenqipai\AndroidManifest.xml:296:9-301:20
	android:screenOrientation
		ADDED from fenqipai\AndroidManifest.xml:299:13-49
	android:configChanges
		ADDED from fenqipai\AndroidManifest.xml:298:13-63
	android:theme
		ADDED from fenqipai\AndroidManifest.xml:300:13-43
	android:name
		ADDED from fenqipai\AndroidManifest.xml:297:13-80
activity#com.fenqipai.fenqipaiandroid.BankCardActivity
ADDED from fenqipai\AndroidManifest.xml:302:9-307:20
	android:screenOrientation
		ADDED from fenqipai\AndroidManifest.xml:305:13-49
	android:configChanges
		ADDED from fenqipai\AndroidManifest.xml:304:13-63
	android:theme
		ADDED from fenqipai\AndroidManifest.xml:306:13-43
	android:name
		ADDED from fenqipai\AndroidManifest.xml:303:13-73
activity#com.fenqipai.fenqipaiandroid.AddBankCardActivity
ADDED from fenqipai\AndroidManifest.xml:308:9-313:20
	android:screenOrientation
		ADDED from fenqipai\AndroidManifest.xml:311:13-49
	android:configChanges
		ADDED from fenqipai\AndroidManifest.xml:310:13-63
	android:theme
		ADDED from fenqipai\AndroidManifest.xml:312:13-43
	android:name
		ADDED from fenqipai\AndroidManifest.xml:309:13-76
activity#com.fenqipai.fenqipaiandroid.OrderListActivity
ADDED from fenqipai\AndroidManifest.xml:314:9-319:20
	android:screenOrientation
		ADDED from fenqipai\AndroidManifest.xml:317:13-49
	android:configChanges
		ADDED from fenqipai\AndroidManifest.xml:316:13-63
	android:theme
		ADDED from fenqipai\AndroidManifest.xml:318:13-43
	android:name
		ADDED from fenqipai\AndroidManifest.xml:315:13-74
activity#com.fenqipai.fenqipaiandroid.PayFullActivity
ADDED from fenqipai\AndroidManifest.xml:320:9-325:20
	android:screenOrientation
		ADDED from fenqipai\AndroidManifest.xml:323:13-49
	android:configChanges
		ADDED from fenqipai\AndroidManifest.xml:322:13-63
	android:theme
		ADDED from fenqipai\AndroidManifest.xml:324:13-43
	android:name
		ADDED from fenqipai\AndroidManifest.xml:321:13-72
activity#com.fenqipai.fenqipaiandroid.AccountManagementActivity
ADDED from fenqipai\AndroidManifest.xml:326:9-331:20
	android:screenOrientation
		ADDED from fenqipai\AndroidManifest.xml:329:13-49
	android:configChanges
		ADDED from fenqipai\AndroidManifest.xml:328:13-63
	android:theme
		ADDED from fenqipai\AndroidManifest.xml:330:13-43
	android:name
		ADDED from fenqipai\AndroidManifest.xml:327:13-82
activity#com.fenqipai.fenqipaiandroid.ChangeNameActivity
ADDED from fenqipai\AndroidManifest.xml:332:9-337:20
	android:screenOrientation
		ADDED from fenqipai\AndroidManifest.xml:335:13-49
	android:configChanges
		ADDED from fenqipai\AndroidManifest.xml:334:13-63
	android:theme
		ADDED from fenqipai\AndroidManifest.xml:336:13-43
	android:name
		ADDED from fenqipai\AndroidManifest.xml:333:13-75
activity#com.fenqipai.fenqipaiandroid.ChangeEmailActivity
ADDED from fenqipai\AndroidManifest.xml:338:9-343:20
	android:screenOrientation
		ADDED from fenqipai\AndroidManifest.xml:341:13-49
	android:configChanges
		ADDED from fenqipai\AndroidManifest.xml:340:13-63
	android:theme
		ADDED from fenqipai\AndroidManifest.xml:342:13-43
	android:name
		ADDED from fenqipai\AndroidManifest.xml:339:13-76
activity#com.fenqipai.fenqipaiandroid.AccountSecurityActivity
ADDED from fenqipai\AndroidManifest.xml:344:9-349:20
	android:screenOrientation
		ADDED from fenqipai\AndroidManifest.xml:347:13-49
	android:configChanges
		ADDED from fenqipai\AndroidManifest.xml:346:13-63
	android:theme
		ADDED from fenqipai\AndroidManifest.xml:348:13-43
	android:name
		ADDED from fenqipai\AndroidManifest.xml:345:13-80
activity#com.fenqipai.fenqipaiandroid.ChangeLoginPasswordActivity
ADDED from fenqipai\AndroidManifest.xml:350:9-355:20
	android:screenOrientation
		ADDED from fenqipai\AndroidManifest.xml:353:13-49
	android:configChanges
		ADDED from fenqipai\AndroidManifest.xml:352:13-63
	android:theme
		ADDED from fenqipai\AndroidManifest.xml:354:13-43
	android:name
		ADDED from fenqipai\AndroidManifest.xml:351:13-84
activity#com.fenqipai.fenqipaiandroid.PaySuccessActivity
ADDED from fenqipai\AndroidManifest.xml:356:9-361:20
	android:screenOrientation
		ADDED from fenqipai\AndroidManifest.xml:359:13-49
	android:configChanges
		ADDED from fenqipai\AndroidManifest.xml:358:13-63
	android:theme
		ADDED from fenqipai\AndroidManifest.xml:360:13-43
	android:name
		ADDED from fenqipai\AndroidManifest.xml:357:13-75
activity#com.fenqipai.fenqipaiandroid.PayFailActivity
ADDED from fenqipai\AndroidManifest.xml:362:9-367:20
	android:screenOrientation
		ADDED from fenqipai\AndroidManifest.xml:365:13-49
	android:configChanges
		ADDED from fenqipai\AndroidManifest.xml:364:13-63
	android:theme
		ADDED from fenqipai\AndroidManifest.xml:366:13-43
	android:name
		ADDED from fenqipai\AndroidManifest.xml:363:13-72
activity#com.fenqipai.fenqipaiandroid.PayStagingActivity
ADDED from fenqipai\AndroidManifest.xml:368:9-373:20
	android:screenOrientation
		ADDED from fenqipai\AndroidManifest.xml:371:13-49
	android:configChanges
		ADDED from fenqipai\AndroidManifest.xml:370:13-63
	android:theme
		ADDED from fenqipai\AndroidManifest.xml:372:13-43
	android:name
		ADDED from fenqipai\AndroidManifest.xml:369:13-75
activity#com.fenqipai.fenqipaiandroid.PayRentActivity
ADDED from fenqipai\AndroidManifest.xml:374:9-379:20
	android:screenOrientation
		ADDED from fenqipai\AndroidManifest.xml:377:13-49
	android:configChanges
		ADDED from fenqipai\AndroidManifest.xml:376:13-63
	android:theme
		ADDED from fenqipai\AndroidManifest.xml:378:13-43
	android:name
		ADDED from fenqipai\AndroidManifest.xml:375:13-72
activity#com.unionpay.uppay.PayActivity
ADDED from fenqipai\AndroidManifest.xml:382:9-386:20
	android:screenOrientation
		ADDED from fenqipai\AndroidManifest.xml:385:13-49
	android:configChanges
		ADDED from fenqipai\AndroidManifest.xml:384:13-72
	android:name
		ADDED from fenqipai\AndroidManifest.xml:383:13-58
activity#com.unionpay.UPPayWapActivity
ADDED from fenqipai\AndroidManifest.xml:387:9-392:20
	android:screenOrientation
		ADDED from fenqipai\AndroidManifest.xml:390:13-49
	android:windowSoftInputMode
		ADDED from fenqipai\AndroidManifest.xml:391:13-55
	android:configChanges
		ADDED from fenqipai\AndroidManifest.xml:389:13-73
	android:name
		ADDED from fenqipai\AndroidManifest.xml:388:13-57
activity#com.fenqipai.fenqipaiandroid.AboutUsActivity
ADDED from fenqipai\AndroidManifest.xml:394:9-399:20
	android:screenOrientation
		ADDED from fenqipai\AndroidManifest.xml:397:13-49
	android:configChanges
		ADDED from fenqipai\AndroidManifest.xml:396:13-63
	android:theme
		ADDED from fenqipai\AndroidManifest.xml:398:13-43
	android:name
		ADDED from fenqipai\AndroidManifest.xml:395:13-72
activity#com.fenqipai.fenqipaiandroid.InstallmentCarDetailsActivity
ADDED from fenqipai\AndroidManifest.xml:400:9-405:20
	android:screenOrientation
		ADDED from fenqipai\AndroidManifest.xml:403:13-49
	android:configChanges
		ADDED from fenqipai\AndroidManifest.xml:402:13-63
	android:theme
		ADDED from fenqipai\AndroidManifest.xml:404:13-43
	android:name
		ADDED from fenqipai\AndroidManifest.xml:401:13-86
activity#com.fenqipai.fenqipaiandroid.PayInformationActivity
ADDED from fenqipai\AndroidManifest.xml:406:9-411:20
	android:screenOrientation
		ADDED from fenqipai\AndroidManifest.xml:409:13-49
	android:configChanges
		ADDED from fenqipai\AndroidManifest.xml:408:13-63
	android:theme
		ADDED from fenqipai\AndroidManifest.xml:410:13-43
	android:name
		ADDED from fenqipai\AndroidManifest.xml:407:13-51
activity#com.fenqipai.fenqipaiandroid.MoneyRecordActivity
ADDED from fenqipai\AndroidManifest.xml:412:9-417:20
	android:screenOrientation
		ADDED from fenqipai\AndroidManifest.xml:415:13-49
	android:configChanges
		ADDED from fenqipai\AndroidManifest.xml:414:13-63
	android:theme
		ADDED from fenqipai\AndroidManifest.xml:416:13-43
	android:name
		ADDED from fenqipai\AndroidManifest.xml:413:13-76
activity#com.fenqipai.fenqipaiandroid.StagingBillActivity
ADDED from fenqipai\AndroidManifest.xml:418:9-423:20
	android:screenOrientation
		ADDED from fenqipai\AndroidManifest.xml:421:13-49
	android:configChanges
		ADDED from fenqipai\AndroidManifest.xml:420:13-63
	android:theme
		ADDED from fenqipai\AndroidManifest.xml:422:13-43
	android:name
		ADDED from fenqipai\AndroidManifest.xml:419:13-76
activity#com.fenqipai.fenqipaiandroid.NewsListActivity
ADDED from fenqipai\AndroidManifest.xml:424:9-429:20
	android:screenOrientation
		ADDED from fenqipai\AndroidManifest.xml:427:13-49
	android:configChanges
		ADDED from fenqipai\AndroidManifest.xml:426:13-63
	android:theme
		ADDED from fenqipai\AndroidManifest.xml:428:13-43
	android:name
		ADDED from fenqipai\AndroidManifest.xml:425:13-73
activity#com.fenqipai.fenqipaiandroid.StagingBillDetailsActivity
ADDED from fenqipai\AndroidManifest.xml:430:9-435:20
	android:screenOrientation
		ADDED from fenqipai\AndroidManifest.xml:433:13-49
	android:configChanges
		ADDED from fenqipai\AndroidManifest.xml:432:13-63
	android:theme
		ADDED from fenqipai\AndroidManifest.xml:434:13-43
	android:name
		ADDED from fenqipai\AndroidManifest.xml:431:13-83
activity#com.fenqipai.fenqipaiandroid.NewsDetailsActivity
ADDED from fenqipai\AndroidManifest.xml:436:9-441:20
	android:screenOrientation
		ADDED from fenqipai\AndroidManifest.xml:439:13-49
	android:configChanges
		ADDED from fenqipai\AndroidManifest.xml:438:13-63
	android:theme
		ADDED from fenqipai\AndroidManifest.xml:440:13-43
	android:name
		ADDED from fenqipai\AndroidManifest.xml:437:13-76
activity#com.fenqipai.fenqipaiandroid.RecognizanceWithdrawalsActivity
ADDED from fenqipai\AndroidManifest.xml:442:9-447:20
	android:screenOrientation